<?xml version="1.0" encoding="UTF-8"?>
<coverage generated="1693579681614" clover="3.2.0">
  <project timestamp="1693579681614" name="All files">
    <metrics statements="18" coveredstatements="18" conditionals="7" coveredconditionals="6" methods="9" coveredmethods="6" elements="34" coveredelements="30" complexity="0" loc="18" ncloc="18" packages="1" files="3" classes="3"/>
    <file name="MathBasic.js" path="C:\hello-world\Backend-project\Menjadi Backend Dev Expert\math-api\src\MathBasic.js">
      <metrics statements="8" coveredstatements="8" conditionals="6" coveredconditionals="6" methods="4" coveredmethods="1"/>
      <line num="1" count="1" type="stmt"/>
      <line num="3" count="10" type="cond" truecount="2" falsecount="0"/>
      <line num="4" count="4" type="stmt"/>
      <line num="7" count="6" type="stmt"/>
      <line num="9" count="6" type="cond" truecount="4" falsecount="0"/>
      <line num="10" count="3" type="stmt"/>
      <line num="13" count="3" type="stmt"/>
      <line num="26" count="1" type="stmt"/>
    </file>
    <file name="Rocket.js" path="C:\hello-world\Backend-project\Menjadi Backend Dev Expert\math-api\src\Rocket.js">
      <metrics statements="3" coveredstatements="3" conditionals="0" coveredconditionals="0" methods="1" coveredmethods="1"/>
      <line num="3" count="4" type="stmt"/>
      <line num="4" count="4" type="stmt"/>
      <line num="8" count="1" type="stmt"/>
    </file>
    <file name="RocketLauncher.js" path="C:\hello-world\Backend-project\Menjadi Backend Dev Expert\math-api\src\RocketLauncher.js">
      <metrics statements="7" coveredstatements="7" conditionals="1" coveredconditionals="0" methods="4" coveredmethods="4"/>
      <line num="3" count="2" type="stmt"/>
      <line num="7" count="1" type="stmt"/>
      <line num="8" count="2" type="stmt"/>
      <line num="11" count="1" type="stmt"/>
      <line num="15" count="1" type="stmt"/>
      <line num="16" count="1" type="stmt"/>
      <line num="20" count="1" type="stmt"/>
    </file>
  </project>
</coverage>
