<?xml version="1.0" encoding="UTF-8"?>
<coverage generated="1693579998316" clover="3.2.0">
  <project timestamp="1693579998316" name="All files">
    <metrics statements="26" coveredstatements="26" conditionals="13" coveredconditionals="12" methods="14" coveredmethods="9" elements="53" coveredelements="47" complexity="0" loc="26" ncloc="26" packages="1" files="4" classes="4"/>
    <file name="FigureCalculator.js" path="C:\hello-world\Backend-project\Menjadi Backend Dev Expert\math-api\src\FigureCalculator.js">
      <metrics statements="8" coveredstatements="8" conditionals="6" coveredconditionals="6" methods="5" coveredmethods="2"/>
      <line num="3" count="4" type="stmt"/>
      <line num="7" count="7" type="cond" truecount="2" falsecount="0"/>
      <line num="8" count="3" type="stmt"/>
      <line num="11" count="4" type="stmt"/>
      <line num="13" count="4" type="cond" truecount="4" falsecount="0"/>
      <line num="14" count="3" type="stmt"/>
      <line num="18" count="1" type="stmt"/>
      <line num="25" count="1" type="stmt"/>
    </file>
    <file name="MathBasic.js" path="C:\hello-world\Backend-project\Menjadi Backend Dev Expert\math-api\src\MathBasic.js">
      <metrics statements="8" coveredstatements="8" conditionals="6" coveredconditionals="6" methods="4" coveredmethods="2"/>
      <line num="1" count="2" type="stmt"/>
      <line num="3" count="11" type="cond" truecount="2" falsecount="0"/>
      <line num="4" count="4" type="stmt"/>
      <line num="7" count="7" type="stmt"/>
      <line num="9" count="7" type="cond" truecount="4" falsecount="0"/>
      <line num="10" count="3" type="stmt"/>
      <line num="13" count="4" type="stmt"/>
      <line num="26" count="2" type="stmt"/>
    </file>
    <file name="Rocket.js" path="C:\hello-world\Backend-project\Menjadi Backend Dev Expert\math-api\src\Rocket.js">
      <metrics statements="3" coveredstatements="3" conditionals="0" coveredconditionals="0" methods="1" coveredmethods="1"/>
      <line num="3" count="4" type="stmt"/>
      <line num="4" count="4" type="stmt"/>
      <line num="8" count="1" type="stmt"/>
    </file>
    <file name="RocketLauncher.js" path="C:\hello-world\Backend-project\Menjadi Backend Dev Expert\math-api\src\RocketLauncher.js">
      <metrics statements="7" coveredstatements="7" conditionals="1" coveredconditionals="0" methods="4" coveredmethods="4"/>
      <line num="3" count="2" type="stmt"/>
      <line num="7" count="1" type="stmt"/>
      <line num="8" count="2" type="stmt"/>
      <line num="11" count="1" type="stmt"/>
      <line num="15" count="1" type="stmt"/>
      <line num="16" count="1" type="stmt"/>
      <line num="20" count="1" type="stmt"/>
    </file>
  </project>
</coverage>
