TN:
SF:src\MathBasic.js
FN:2,(anonymous_0)
FN:15,(anonymous_1)
FN:18,(anonymous_2)
FN:21,(anonymous_3)
FNF:4
FNH:1
FNDA:10,(anonymous_0)
FNDA:0,(anonymous_1)
FNDA:0,(anonymous_2)
FNDA:0,(anonymous_3)
DA:1,1
DA:3,10
DA:4,4
DA:7,6
DA:9,6
DA:10,3
DA:13,3
DA:26,1
LF:8
LH:8
BRDA:3,0,0,4
BRDA:3,0,1,6
BRDA:9,1,0,3
BRDA:9,1,1,3
BRDA:9,2,0,6
BRDA:9,2,1,3
BRF:6
BRH:6
end_of_record
TN:
SF:src\Rocket.js
FN:2,(anonymous_0)
FNF:1
FNH:1
FNDA:4,(anonymous_0)
DA:3,4
DA:4,4
DA:8,1
LF:3
LH:3
BRF:0
BRH:0
end_of_record
TN:
SF:src\RocketLauncher.js
FN:2,(anonymous_0)
FN:6,(anonymous_1)
FN:7,(anonymous_2)
FN:14,(anonymous_3)
FNF:4
FNH:4
FNDA:2,(anonymous_0)
FNDA:1,(anonymous_1)
FNDA:2,(anonymous_2)
FNDA:1,(anonymous_3)
DA:3,2
DA:7,1
DA:8,2
DA:11,1
DA:15,1
DA:16,1
DA:20,1
LF:7
LH:7
BRDA:2,0,0,0
BRF:1
BRH:0
end_of_record
